<?xml version="1.0" encoding="UTF-8"?>
<testsuite xmlns:xsi="http://www.w3.org/2001/XMLSchema-instance" xsi:noNamespaceSchemaLocation="https://maven.apache.org/surefire/maven-surefire-plugin/xsd/surefire-test-report-3.0.xsd" version="3.0" name="CyptCurrRunner.CoinmarketcapTest" time="128.424" tests="18" errors="0" skipped="0" failures="0">
  <properties>
[...]
</properties>
  <testcase name="Given User present on list of cryptocurrencies page" classname="Scenario: Display of cryptocurrencies" time="0.003">
    <system-out><![CDATA[Feature: List of Cryptocurrencies
]]></system-out>
    <system-err><![CDATA[Starting ChromeDriver 86.0.4240.22 (398b0743353ff36fb1b82468f63a3a93b4e2e89e-refs/branch-heads/4240@{#378}) on port 36433
Only local connections are allowed.
Please see https://chromedriver.chromium.org/security-considerations for suggestions on keeping ChromeDriver safe.
ChromeDriver was started successfully.
Nov 09, 2020 2:54:31 PM org.openqa.selenium.remote.ProtocolHandshake createSession
INFO: Detected dialect: W3C
]]></system-err>
  </testcase>
  <testcase name="When Title of login page is Cryptocurrency Prices, Charts And Market Capitalizations CoinMarketCap" classname="Scenario: Display of cryptocurrencies" time="0">
    <system-out><![CDATA[Cryptocurrency Prices, Charts And Market Capitalizations | CoinMarketCap
]]></system-out>
  </testcase>
  <testcase name="Then User verifies that 100 results are displayed" classname="Scenario: Display of cryptocurrencies" time="0">
    <system-out><![CDATA[
  Background:                                                                                          # coinMarketCap.feature:2
    Given User present on list of cryptocurrencies page                                                # coinMarketCapStepDefs.user_present_on_list_of_cryptocurrencies_page()
    When Title of login page is Cryptocurrency Prices, Charts And Market Capitalizations CoinMarketCap # coinMarketCapStepDefs.title_of_login_page_is()
100
]]></system-out>
  </testcase>
  <testcase name="" classname="Scenario: Display of cryptocurrencies" time="0"/>
  <testcase name="Given User present on list of cryptocurrencies page" classname="Scenario: Add cryptocurrencies to watchlist and verify" time="0">
    <system-out><![CDATA[
  Scenario: Display of cryptocurrencies               # coinMarketCap.feature:7
    Then User verifies that 100 results are displayed # coinMarketCapStepDefs.user_verifies_that_results_are_displayed()
]]></system-out>
    <system-err><![CDATA[Starting ChromeDriver 86.0.4240.22 (398b0743353ff36fb1b82468f63a3a93b4e2e89e-refs/branch-heads/4240@{#378}) on port 32143
Only local connections are allowed.
Please see https://chromedriver.chromium.org/security-considerations for suggestions on keeping ChromeDriver safe.
ChromeDriver was started successfully.
Nov 09, 2020 2:54:56 PM org.openqa.selenium.remote.ProtocolHandshake createSession
INFO: Detected dialect: W3C
]]></system-err>
  </testcase>
  <testcase name="When Title of login page is Cryptocurrency Prices, Charts And Market Capitalizations CoinMarketCap" classname="Scenario: Add cryptocurrencies to watchlist and verify" time="0">
    <system-out><![CDATA[Cryptocurrency Prices, Charts And Market Capitalizations | CoinMarketCap
]]></system-out>
  </testcase>
  <testcase name="Then Select between 5 and 10 random crypto currencies add them to watchlist" classname="Scenario: Add cryptocurrencies to watchlist and verify" time="0">
    <system-out><![CDATA[
  Background:                                                                                          # coinMarketCap.feature:2
    Given User present on list of cryptocurrencies page                                                # coinMarketCapStepDefs.user_present_on_list_of_cryptocurrencies_page()
    When Title of login page is Cryptocurrency Prices, Charts And Market Capitalizations CoinMarketCap # coinMarketCapStepDefs.title_of_login_page_is()
Random number generated--->9
[16, 81, 34, 35, 90, 10, 92, 61, 46]
16
81
34
35
90
10
92
61
46
9
]]></system-out>
  </testcase>
  <testcase name="Then Open the watchlist in a different browser tab" classname="Scenario: Add cryptocurrencies to watchlist and verify" time="0"/>
  <testcase name="Then verify the added cryptocurrencies are available in the watchlist" classname="Scenario: Add cryptocurrencies to watchlist and verify" time="0"/>
  <testcase name="" classname="Scenario: Add cryptocurrencies to watchlist and verify" time="0.001"/>
  <testcase name="Given User present on list of cryptocurrencies page" classname="Scenario: Apply filter and check against the recorded data" time="0">
    <system-out><![CDATA[
  Scenario: Add cryptocurrencies to watchlist and verify                        # coinMarketCap.feature:10
    Then Select between 5 and 10 random crypto currencies add them to watchlist # coinMarketCapStepDefs.select_between_and_random_crypto_currencies()
    Then Open the watchlist in a different browser tab                          # coinMarketCapStepDefs.open_the_watchlist_in_a_different_browser_tab()
    Then verify the added cryptocurrencies are available in the watchlist       # coinMarketCapStepDefs.verify_the_added_cryptocurrencies_are_available_in_the_watchlist()
]]></system-out>
    <system-err><![CDATA[Starting ChromeDriver 86.0.4240.22 (398b0743353ff36fb1b82468f63a3a93b4e2e89e-refs/branch-heads/4240@{#378}) on port 12742
Only local connections are allowed.
Please see https://chromedriver.chromium.org/security-considerations for suggestions on keeping ChromeDriver safe.
ChromeDriver was started successfully.
Nov 09, 2020 2:55:35 PM org.openqa.selenium.remote.ProtocolHandshake createSession
INFO: Detected dialect: W3C
]]></system-err>
  </testcase>
  <testcase name="When Title of login page is Cryptocurrency Prices, Charts And Market Capitalizations CoinMarketCap" classname="Scenario: Apply filter and check against the recorded data" time="0">
    <system-out><![CDATA[Cryptocurrency Prices, Charts And Market Capitalizations | CoinMarketCap
]]></system-out>
  </testcase>
  <testcase name="Then Display the dropdown menu on the Cryptocurrencies tab" classname="Scenario: Apply filter and check against the recorded data" time="0">
    <system-out><![CDATA[
  Background:                                                                                          # coinMarketCap.feature:2
    Given User present on list of cryptocurrencies page                                                # coinMarketCapStepDefs.user_present_on_list_of_cryptocurrencies_page()
    When Title of login page is Cryptocurrency Prices, Charts And Market Capitalizations CoinMarketCap # coinMarketCapStepDefs.title_of_login_page_is()
]]></system-out>
  </testcase>
  <testcase name="Then Click any of the three Full List options on this menu" classname="Scenario: Apply filter and check against the recorded data" time="0"/>
  <testcase name="Then Record the data on the current page" classname="Scenario: Apply filter and check against the recorded data" time="0">
    <system-out><![CDATA[101
]]></system-out>
  </testcase>
  <testcase name="Then Apply any combination of filters" classname="Scenario: Apply filter and check against the recorded data" time="0"/>
  <testcase name="Then Check against the data recorded" classname="Scenario: Apply filter and check against the recorded data" time="0"/>
  <testcase name="" classname="Scenario: Apply filter and check against the recorded data" time="0"/>
</testsuite>